Log file open, 08/24/20 14:16:27
LogWindows: Failed to load 'aqProf.dll' (GetLastError=126)
LogWindows: File 'aqProf.dll' does not exist
LogWindows: Failed to load 'VtuneApi.dll' (GetLastError=126)
LogWindows: File 'VtuneApi.dll' does not exist
LogWindows: Failed to load 'VtuneApi32e.dll' (GetLastError=126)
LogWindows: File 'VtuneApi32e.dll' does not exist
LogConsoleResponse: Display: Failed to find resolution value strings in scalability ini. Falling back to default.
LogInit: Display: Running engine for game: RunBag
LogPlatformFile: Not using cached read wrapper
LogTaskGraph: Started task graph with 5 named threads and 23 total threads with 3 sets of task threads.
LogStats: Stats thread started at 0.085645
LogD3D11RHI: Loaded GFSDK_Aftermath_Lib.x64.dll
LogICUInternationalization: ICU TimeZone Detection - Raw Offset: +9:00, Platform Override: ''
LogPluginManager: Mounting plugin Paper2D
LogPluginManager: Mounting plugin AISupport
LogPluginManager: Mounting plugin LightPropagationVolume
LogPluginManager: Mounting plugin ActorLayerUtilities
LogPluginManager: Mounting plugin AnimationSharing
LogPluginManager: Mounting plugin CLionSourceCodeAccess
LogPluginManager: Mounting plugin CodeLiteSourceCodeAccess
LogPluginManager: Mounting plugin GitSourceControl
LogPluginManager: Mounting plugin KDevelopSourceCodeAccess
LogPluginManager: Mounting plugin NullSourceCodeAccess
LogPluginManager: Mounting plugin PerforceSourceControl
LogPluginManager: Mounting plugin SubversionSourceControl
LogPluginManager: Mounting plugin UObjectPlugin
LogPluginManager: Mounting plugin VisualStudioCodeSourceCodeAccess
LogPluginManager: Mounting plugin VisualStudioSourceCodeAccess
LogPluginManager: Mounting plugin XCodeSourceCodeAccess
LogPluginManager: Mounting plugin AssetManagerEditor
LogPluginManager: Mounting plugin CryptoKeys
LogPluginManager: Mounting plugin CurveEditorTools
LogPluginManager: Mounting plugin DataValidation
LogPluginManager: Mounting plugin FacialAnimation
LogPluginManager: Mounting plugin GameplayTagsEditor
LogPluginManager: Mounting plugin MacGraphicsSwitching
LogPluginManager: Mounting plugin MaterialAnalyzer
LogPluginManager: Mounting plugin MobileLauncherProfileWizard
LogPluginManager: Mounting plugin PluginBrowser
LogPluginManager: Mounting plugin SpeedTreeImporter
LogPluginManager: Mounting plugin DatasmithContent
LogPluginManager: Mounting plugin VariantManagerContent
LogPluginManager: Mounting plugin AlembicImporter
LogPluginManager: Mounting plugin AutomationUtils
LogPluginManager: Mounting plugin BackChannel
LogPluginManager: Mounting plugin CharacterAI
LogPluginManager: Mounting plugin GeometryCache
LogPluginManager: Mounting plugin HTML5Networking
LogPluginManager: Mounting plugin PlatformCrypto
LogPluginManager: Mounting plugin ProxyLODPlugin
LogPluginManager: Mounting plugin SkeletalReduction
LogPluginManager: Mounting plugin MagicLeap
LogPluginManager: Mounting plugin MagicLeapMedia
LogPluginManager: Mounting plugin AndroidMedia
LogPluginManager: Mounting plugin AvfMedia
LogPluginManager: Mounting plugin ImgMedia
LogPluginManager: Mounting plugin MediaCompositing
LogPluginManager: Mounting plugin MediaPlayerEditor
LogPluginManager: Mounting plugin WebMMedia
LogPluginManager: Mounting plugin WmfMedia
LogPluginManager: Mounting plugin TcpMessaging
LogPluginManager: Mounting plugin UdpMessaging
LogPluginManager: Mounting plugin ActorSequence
LogPluginManager: Mounting plugin LevelSequenceEditor
LogPluginManager: Mounting plugin MatineeToLevelSequence
LogPluginManager: Mounting plugin NetcodeUnitTest
LogPluginManager: Mounting plugin NUTUnrealEngine4
LogPluginManager: Mounting plugin OnlineSubsystemGooglePlay
LogPluginManager: Mounting plugin OnlineSubsystemIOS
LogPluginManager: Mounting plugin OnlineSubsystem
LogPluginManager: Mounting plugin OnlineSubsystemNull
LogPluginManager: Mounting plugin OnlineSubsystemUtils
LogPluginManager: Mounting plugin LauncherChunkInstaller
LogPluginManager: Mounting plugin AndroidDeviceProfileSelector
LogPluginManager: Mounting plugin AndroidMoviePlayer
LogPluginManager: Mounting plugin AndroidPermission
LogPluginManager: Mounting plugin AppleImageUtils
LogPluginManager: Mounting plugin AppleMoviePlayer
LogPluginManager: Mounting plugin ArchVisCharacter
LogPluginManager: Mounting plugin AudioCapture
LogPluginManager: Mounting plugin CableComponent
LogPluginManager: Mounting plugin CustomMeshComponent
LogPluginManager: Mounting plugin EditableMesh
LogPluginManager: Mounting plugin ExampleDeviceProfileSelector
LogPluginManager: Mounting plugin GoogleCloudMessaging
LogPluginManager: Mounting plugin IOSDeviceProfileSelector
LogPluginManager: Mounting plugin LinuxDeviceProfileSelector
LogPluginManager: Mounting plugin LocationServicesBPLibrary
LogPluginManager: Mounting plugin MobilePatchingUtils
LogPluginManager: Mounting plugin OculusVR
LogPluginManager: Mounting plugin PhysXVehicles
LogPluginManager: Mounting plugin ProceduralMeshComponent
LogPluginManager: Mounting plugin RuntimePhysXCooking
LogPluginManager: Mounting plugin SignificanceManager
LogPluginManager: Mounting plugin SteamVR
LogPluginManager: Mounting plugin WebMMoviePlayer
LogPluginManager: Mounting plugin WindowsMoviePlayer
LogPluginManager: Mounting plugin ScreenshotTools
LogInit: Using libcurl 7.55.1-DEV
LogInit:  - built for x86_64-pc-win32
LogInit:  - supports SSL with OpenSSL/1.1.1
LogInit:  - supports HTTP deflate (compression) using libz 1.2.8
LogInit:  - other features:
LogInit:      CURL_VERSION_SSL
LogInit:      CURL_VERSION_LIBZ
LogInit:      CURL_VERSION_IPV6
LogInit:      CURL_VERSION_ASYNCHDNS
LogInit:      CURL_VERSION_LARGEFILE
LogInit:      CURL_VERSION_IDN
LogInit:  CurlRequestOptions (configurable via config and command line):
LogInit:  - bVerifyPeer = true  - Libcurl will verify peer certificate
LogInit:  - bUseHttpProxy = false  - Libcurl will NOT use HTTP proxy
LogInit:  - bDontReuseConnections = false  - Libcurl will reuse connections
LogInit:  - MaxHostConnections = 16  - Libcurl will limit the number of connections to a host
LogInit:  - LocalHostAddr = Default
LogInit:  - BufferSize = 65536
LogOnline: OSS: Creating online subsystem instance for: NULL
LogInit: WinSock: version 1.1 (2.2), MaxSocks=32767, MaxUdp=65467
LogInit: Build: ++UE4+Release-4.23-CL-9631420
LogInit: Engine Version: 4.23.1-9631420+++UE4+Release-4.23
LogInit: Compatible Engine Version: 4.23.0-8386587+++UE4+Release-4.23
LogInit: Net CL: 8386587
LogInit: OS: Windows 10 (Release 1909) (), CPU: Intel(R) Core(TM) i7-7700K CPU @ 4.20GHz, GPU: NVIDIA GeForce GTX 1080
LogInit: Compiled (64-bit): Oct 18 2019 02:07:44
LogInit: Compiled with Visual C++: 19.16.27030.01
LogInit: Build Configuration: Development
LogInit: Branch Name: ++UE4+Release-4.23
LogInit: Command Line:  -EpicPortal -epicusername=tomityaki -epicuserid=c70130f11aff4101b3443a915fc64fbb -epiclocale=ja
LogInit: Base Directory: D:/UEVer/UE_4.23/Engine/Binaries/Win64/
LogInit: Installed Engine Build: 1
LogDevObjectVersion: Number of dev versions registered: 23
LogDevObjectVersion:   Dev-Blueprints (B0D832E4-1F89-4F0D-ACCF-7EB736FD4AA2): 10
LogDevObjectVersion:   Dev-Build (E1C64328-A22C-4D53-A36C-8E866417BD8C): 0
LogDevObjectVersion:   Dev-Core (375EC13C-06E4-48FB-B500-84F0262A717E): 3
LogDevObjectVersion:   Dev-Editor (E4B068ED-F494-42E9-A231-DA0B2E46BB41): 34
LogDevObjectVersion:   Dev-Framework (CFFC743F-43B0-4480-9391-14DF171D2073): 35
LogDevObjectVersion:   Dev-Mobile (B02B49B5-BB20-44E9-A304-32B752E40360): 2
LogDevObjectVersion:   Dev-Networking (A4E4105C-59A1-49B5-A7C5-40C4547EDFEE): 0
LogDevObjectVersion:   Dev-Online (39C831C9-5AE6-47DC-9A44-9C173E1C8E7C): 0
LogDevObjectVersion:   Dev-Physics (78F01B33-EBEA-4F98-B9B4-84EACCB95AA2): 0
LogDevObjectVersion:   Dev-Platform (6631380F-2D4D-43E0-8009-CF276956A95A): 0
LogDevObjectVersion:   Dev-Rendering (12F88B9F-8875-4AFC-A67C-D90C383ABD29): 31
LogDevObjectVersion:   Dev-Sequencer (7B5AE74C-D270-4C10-A958-57980B212A5A): 11
LogDevObjectVersion:   Dev-VR (D7296918-1DD6-4BDD-9DE2-64A83CC13884): 2
LogDevObjectVersion:   Dev-LoadTimes (C2A15278-BFE7-4AFE-6C17-90FF531DF755): 1
LogDevObjectVersion:   Private-Geometry (6EACA3D4-40EC-4CC1-B786-8BED09428FC5): 3
LogDevObjectVersion:   Dev-AnimPhys (29E575DD-E0A3-4627-9D10-D276232CDCEA): 17
LogDevObjectVersion:   Dev-Anim (AF43A65D-7FD3-4947-9873-3E8ED9C1BB05): 2
LogDevObjectVersion:   Dev-ReflectionCapture (6B266CEC-1EC7-4B8F-A30B-E4D90942FC07): 1
LogDevObjectVersion:   Dev-Automation (0DF73D61-A23F-47EA-B727-89E90C41499A): 1
LogDevObjectVersion:   FortniteMain (601D1886-AC64-4F84-AA16-D3DE0DEAC7D6): 27
LogDevObjectVersion:   Dev-Enterprise (9DFFBCD6-494F-0158-E221-12823C92A888): 6
LogDevObjectVersion:   Dev-Niagara (F2AED0AC-9AFE-416F-8664-AA7FFA26D6FC): 1
LogDevObjectVersion:   Dev-Destruction (174F1F0B-B4C6-45A5-B13F-2EE8D0FB917D): 9
LogInit: Presizing for max 16777216 objects, including 0 objects not considered by GC, pre-allocating 0 bytes for permanent pool.
LogInit: Object subsystem initialized
LogConfig: Setting CVar [[con.DebugEarlyDefault:1]]
LogConfig: Setting CVar [[r.setres:1280x720]]
[2020.08.24-05.16.27:441][  0]LogConfig: Setting CVar [[r.VSync:0]]
[2020.08.24-05.16.27:441][  0]LogConfig: Setting CVar [[r.RHICmdBypass:0]]
[2020.08.24-05.16.27:441][  0]LogConfig: Applying CVar settings from Section [/Script/Engine.RendererSettings] File [D:/UE4Projects/新しいフォルダー/RunBag/Saved/Config/Windows/Engine.ini]
[2020.08.24-05.16.27:441][  0]LogConfig: Setting CVar [[r.GPUCrashDebugging:0]]
[2020.08.24-05.16.27:441][  0]LogConfig: Setting CVar [[r.DefaultFeature.AutoExposure.ExtendDefaultLuminanceRange:1]]
[2020.08.24-05.16.27:441][  0]LogConfig: Applying CVar settings from Section [/Script/Engine.RendererOverrideSettings] File [D:/UE4Projects/新しいフォルダー/RunBag/Saved/Config/Windows/Engine.ini]
[2020.08.24-05.16.27:441][  0]LogConfig: Applying CVar settings from Section [/Script/Engine.StreamingSettings] File [D:/UE4Projects/新しいフォルダー/RunBag/Saved/Config/Windows/Engine.ini]
[2020.08.24-05.16.27:441][  0]LogConfig: Setting CVar [[s.MinBulkDataSizeForAsyncLoading:131072]]
[2020.08.24-05.16.27:441][  0]LogConfig: Setting CVar [[s.AsyncLoadingThreadEnabled:0]]
[2020.08.24-05.16.27:441][  0]LogConfig: Setting CVar [[s.EventDrivenLoaderEnabled:1]]
[2020.08.24-05.16.27:441][  0]LogConfig: Setting CVar [[s.WarnIfTimeLimitExceeded:0]]
[2020.08.24-05.16.27:441][  0]LogConfig: Setting CVar [[s.TimeLimitExceededMultiplier:1.5]]
[2020.08.24-05.16.27:441][  0]LogConfig: Setting CVar [[s.TimeLimitExceededMinTime:0.005]]
[2020.08.24-05.16.27:441][  0]LogConfig: Setting CVar [[s.UseBackgroundLevelStreaming:1]]
[2020.08.24-05.16.27:441][  0]LogConfig: Setting CVar [[s.PriorityAsyncLoadingExtraTime:15.0]]
[2020.08.24-05.16.27:441][  0]LogConfig: Setting CVar [[s.LevelStreamingActorsUpdateTimeLimit:5.0]]
[2020.08.24-05.16.27:441][  0]LogConfig: Setting CVar [[s.PriorityLevelStreamingActorsUpdateExtraTime:5.0]]
[2020.08.24-05.16.27:441][  0]LogConfig: Setting CVar [[s.LevelStreamingComponentsRegistrationGranularity:10]]
[2020.08.24-05.16.27:441][  0]LogConfig: Setting CVar [[s.UnregisterComponentsTimeLimit:1.0]]
[2020.08.24-05.16.27:441][  0]LogConfig: Setting CVar [[s.LevelStreamingComponentsUnregistrationGranularity:5]]
[2020.08.24-05.16.27:441][  0]LogConfig: Applying CVar settings from Section [/Script/Engine.GarbageCollectionSettings] File [D:/UE4Projects/新しいフォルダー/RunBag/Saved/Config/Windows/Engine.ini]
[2020.08.24-05.16.27:441][  0]LogConfig: Setting CVar [[gc.MaxObjectsNotConsideredByGC:1]]
[2020.08.24-05.16.27:441][  0]LogConfig: Setting CVar [[gc.SizeOfPermanentObjectPool:0]]
[2020.08.24-05.16.27:441][  0]LogConfig: Setting CVar [[gc.FlushStreamingOnGC:0]]
[2020.08.24-05.16.27:441][  0]LogConfig: Setting CVar [[gc.NumRetriesBeforeForcingGC:10]]
[2020.08.24-05.16.27:441][  0]LogConfig: Setting CVar [[gc.AllowParallelGC:1]]
[2020.08.24-05.16.27:441][  0]LogConfig: Setting CVar [[gc.TimeBetweenPurgingPendingKillObjects:61.1]]
[2020.08.24-05.16.27:441][  0]LogConfig: Setting CVar [[gc.MaxObjectsInEditor:16777216]]
[2020.08.24-05.16.27:441][  0]LogConfig: Setting CVar [[gc.IncrementalBeginDestroyEnabled:1]]
[2020.08.24-05.16.27:441][  0]LogConfig: Setting CVar [[gc.CreateGCClusters:1]]
[2020.08.24-05.16.27:441][  0]LogConfig: Setting CVar [[gc.MinGCClusterSize:5]]
[2020.08.24-05.16.27:441][  0]LogConfig: Setting CVar [[gc.ActorClusteringEnabled:0]]
[2020.08.24-05.16.27:441][  0]LogConfig: Setting CVar [[gc.BlueprintClusteringEnabled:0]]
[2020.08.24-05.16.27:441][  0]LogConfig: Setting CVar [[gc.UseDisregardForGCOnDedicatedServers:0]]
[2020.08.24-05.16.27:441][  0]LogConfig: Applying CVar settings from Section [/Script/Engine.NetworkSettings] File [D:/UE4Projects/新しいフォルダー/RunBag/Saved/Config/Windows/Engine.ini]
[2020.08.24-05.16.27:441][  0]LogConfig: Applying CVar settings from Section [/Script/UnrealEd.CookerSettings] File [D:/UE4Projects/新しいフォルダー/RunBag/Saved/Config/Windows/Engine.ini]
[2020.08.24-05.16.27:444][  0]LogConfig: Applying CVar settings from Section [ViewDistanceQuality@3] File [D:/UE4Projects/新しいフォルダー/RunBag/Saved/Config/Windows/Scalability.ini]
[2020.08.24-05.16.27:444][  0]LogConfig: Setting CVar [[r.SkeletalMeshLODBias:0]]
[2020.08.24-05.16.27:444][  0]LogConfig: Setting CVar [[r.ViewDistanceScale:1.0]]
[2020.08.24-05.16.27:444][  0]LogConfig: Applying CVar settings from Section [AntiAliasingQuality@3] File [D:/UE4Projects/新しいフォルダー/RunBag/Saved/Config/Windows/Scalability.ini]
[2020.08.24-05.16.27:444][  0]LogConfig: Setting CVar [[r.PostProcessAAQuality:4]]
[2020.08.24-05.16.27:444][  0]LogConfig: Applying CVar settings from Section [ShadowQuality@3] File [D:/UE4Projects/新しいフォルダー/RunBag/Saved/Config/Windows/Scalability.ini]
[2020.08.24-05.16.27:444][  0]LogConfig: Setting CVar [[r.LightFunctionQuality:1]]
[2020.08.24-05.16.27:444][  0]LogConfig: Setting CVar [[r.ShadowQuality:5]]
[2020.08.24-05.16.27:444][  0]LogConfig: Setting CVar [[r.Shadow.CSM.MaxCascades:10]]
[2020.08.24-05.16.27:444][  0]LogConfig: Setting CVar [[r.Shadow.MaxResolution:2048]]
[2020.08.24-05.16.27:444][  0]LogConfig: Setting CVar [[r.Shadow.MaxCSMResolution:2048]]
[2020.08.24-05.16.27:444][  0]LogConfig: Setting CVar [[r.Shadow.RadiusThreshold:0.01]]
[2020.08.24-05.16.27:444][  0]LogConfig: Setting CVar [[r.Shadow.DistanceScale:1.0]]
[2020.08.24-05.16.27:444][  0]LogConfig: Setting CVar [[r.Shadow.CSM.TransitionScale:1.0]]
[2020.08.24-05.16.27:444][  0]LogConfig: Setting CVar [[r.Shadow.PreShadowResolutionFactor:1.0]]
[2020.08.24-05.16.27:444][  0]LogConfig: Setting CVar [[r.DistanceFieldShadowing:1]]
[2020.08.24-05.16.27:444][  0]LogConfig: Setting CVar [[r.DistanceFieldAO:1]]
[2020.08.24-05.16.27:444][  0]LogConfig: Setting CVar [[r.AOQuality:2]]
[2020.08.24-05.16.27:444][  0]LogConfig: Setting CVar [[r.VolumetricFog:1]]
[2020.08.24-05.16.27:444][  0]LogConfig: Setting CVar [[r.VolumetricFog.GridPixelSize:8]]
[2020.08.24-05.16.27:444][  0]LogConfig: Setting CVar [[r.VolumetricFog.GridSizeZ:128]]
[2020.08.24-05.16.27:444][  0]LogConfig: Setting CVar [[r.VolumetricFog.HistoryMissSupersampleCount:4]]
[2020.08.24-05.16.27:444][  0]LogConfig: Setting CVar [[r.LightMaxDrawDistanceScale:1]]
[2020.08.24-05.16.27:444][  0]LogConfig: Setting CVar [[r.CapsuleShadows:1]]
[2020.08.24-05.16.27:444][  0]LogConfig: Applying CVar settings from Section [PostProcessQuality@3] File [D:/UE4Projects/新しいフォルダー/RunBag/Saved/Config/Windows/Scalability.ini]
[2020.08.24-05.16.27:444][  0]LogConfig: Setting CVar [[r.MotionBlurQuality:4]]
[2020.08.24-05.16.27:444][  0]LogConfig: Setting CVar [[r.AmbientOcclusionMipLevelFactor:0.4]]
[2020.08.24-05.16.27:444][  0]LogConfig: Setting CVar [[r.AmbientOcclusionMaxQuality:100]]
[2020.08.24-05.16.27:444][  0]LogConfig: Setting CVar [[r.AmbientOcclusionLevels:-1]]
[2020.08.24-05.16.27:444][  0]LogConfig: Setting CVar [[r.AmbientOcclusionRadiusScale:1.0]]
[2020.08.24-05.16.27:444][  0]LogConfig: Setting CVar [[r.DepthOfFieldQuality:2]]
[2020.08.24-05.16.27:444][  0]LogConfig: Setting CVar [[r.RenderTargetPoolMin:400]]
[2020.08.24-05.16.27:444][  0]LogConfig: Setting CVar [[r.LensFlareQuality:2]]
[2020.08.24-05.16.27:444][  0]LogConfig: Setting CVar [[r.SceneColorFringeQuality:1]]
[2020.08.24-05.16.27:444][  0]LogConfig: Setting CVar [[r.EyeAdaptationQuality:2]]
[2020.08.24-05.16.27:444][  0]LogConfig: Setting CVar [[r.BloomQuality:5]]
[2020.08.24-05.16.27:444][  0]LogConfig: Setting CVar [[r.FastBlurThreshold:100]]
[2020.08.24-05.16.27:444][  0]LogConfig: Setting CVar [[r.Upscale.Quality:3]]
[2020.08.24-05.16.27:444][  0]LogConfig: Setting CVar [[r.Tonemapper.GrainQuantization:1]]
[2020.08.24-05.16.27:444][  0]LogConfig: Setting CVar [[r.LightShaftQuality:1]]
[2020.08.24-05.16.27:444][  0]LogConfig: Setting CVar [[r.Filter.SizeScale:1]]
[2020.08.24-05.16.27:444][  0]LogConfig: Setting CVar [[r.Tonemapper.Quality:5]]
[2020.08.24-05.16.27:444][  0]LogConfig: Setting CVar [[r.DOF.Gather.AccumulatorQuality:1        ; higher gathering accumulator quality]]
[2020.08.24-05.16.27:444][  0]LogConfig: Setting CVar [[r.DOF.Gather.PostfilterMethod:1          ; Median3x3 postfilering method]]
[2020.08.24-05.16.27:444][  0]LogConfig: Setting CVar [[r.DOF.Gather.EnableBokehSettings:0       ; no bokeh simulation when gathering]]
[2020.08.24-05.16.27:444][  0]LogConfig: Setting CVar [[r.DOF.Gather.RingCount:4                 ; medium number of samples when gathering]]
[2020.08.24-05.16.27:444][  0]LogConfig: Setting CVar [[r.DOF.Scatter.ForegroundCompositing:1    ; additive foreground scattering]]
[2020.08.24-05.16.27:444][  0]LogConfig: Setting CVar [[r.DOF.Scatter.BackgroundCompositing:2    ; additive background scattering]]
[2020.08.24-05.16.27:444][  0]LogConfig: Setting CVar [[r.DOF.Scatter.EnableBokehSettings:1      ; bokeh simulation when scattering]]
[2020.08.24-05.16.27:444][  0]LogConfig: Setting CVar [[r.DOF.Scatter.MaxSpriteRatio:0.1         ; only a maximum of 10% of scattered bokeh]]
[2020.08.24-05.16.27:444][  0]LogConfig: Setting CVar [[r.DOF.Recombine.Quality:1                ; cheap slight out of focus]]
[2020.08.24-05.16.27:444][  0]LogConfig: Setting CVar [[r.DOF.Recombine.EnableBokehSettings:0    ; no bokeh simulation on slight out of focus]]
[2020.08.24-05.16.27:444][  0]LogConfig: Setting CVar [[r.DOF.TemporalAAQuality:1                ; more stable temporal accumulation]]
[2020.08.24-05.16.27:444][  0]LogConfig: Setting CVar [[r.DOF.Kernel.MaxForegroundRadius:0.025]]
[2020.08.24-05.16.27:444][  0]LogConfig: Setting CVar [[r.DOF.Kernel.MaxBackgroundRadius:0.025]]
[2020.08.24-05.16.27:444][  0]LogConfig: Applying CVar settings from Section [TextureQuality@3] File [D:/UE4Projects/新しいフォルダー/RunBag/Saved/Config/Windows/Scalability.ini]
[2020.08.24-05.16.27:444][  0]LogConfig: Setting CVar [[r.Streaming.MipBias:0]]
[2020.08.24-05.16.27:444][  0]LogConfig: Setting CVar [[r.Streaming.AmortizeCPUToGPUCopy:0]]
[2020.08.24-05.16.27:444][  0]LogConfig: Setting CVar [[r.Streaming.MaxNumTexturesToStreamPerFrame:0]]
[2020.08.24-05.16.27:444][  0]LogConfig: Setting CVar [[r.Streaming.Boost:1]]
[2020.08.24-05.16.27:444][  0]LogConfig: Setting CVar [[r.MaxAnisotropy:8]]
[2020.08.24-05.16.27:444][  0]LogConfig: Setting CVar [[r.Streaming.LimitPoolSizeToVRAM:0]]
[2020.08.24-05.16.27:444][  0]LogConfig: Setting CVar [[r.Streaming.PoolSize:1000]]
[2020.08.24-05.16.27:444][  0]LogConfig: Setting CVar [[r.Streaming.MaxEffectiveScreenSize:0]]
[2020.08.24-05.16.27:444][  0]LogConfig: Applying CVar settings from Section [EffectsQuality@3] File [D:/UE4Projects/新しいフォルダー/RunBag/Saved/Config/Windows/Scalability.ini]
[2020.08.24-05.16.27:444][  0]LogConfig: Setting CVar [[r.TranslucencyLightingVolumeDim:64]]
[2020.08.24-05.16.27:444][  0]LogConfig: Setting CVar [[r.RefractionQuality:2]]
[2020.08.24-05.16.27:444][  0]LogConfig: Setting CVar [[r.SSR.Quality:3]]
[2020.08.24-05.16.27:444][  0]LogConfig: Setting CVar [[r.SceneColorFormat:4]]
[2020.08.24-05.16.27:444][  0]LogConfig: Setting CVar [[r.DetailMode:2]]
[2020.08.24-05.16.27:444][  0]LogConfig: Setting CVar [[r.TranslucencyVolumeBlur:1]]
[2020.08.24-05.16.27:444][  0]LogConfig: Setting CVar [[r.MaterialQualityLevel:1 ; High quality]]
[2020.08.24-05.16.27:444][  0]LogConfig: Setting CVar [[r.SSS.Scale:1]]
[2020.08.24-05.16.27:444][  0]LogConfig: Setting CVar [[r.SSS.SampleSet:2]]
[2020.08.24-05.16.27:444][  0]LogConfig: Setting CVar [[r.SSS.Quality:1]]
[2020.08.24-05.16.27:444][  0]LogConfig: Setting CVar [[r.SSS.HalfRes:1]]
[2020.08.24-05.16.27:444][  0]LogConfig: Setting CVar [[r.EmitterSpawnRateScale:1.0]]
[2020.08.24-05.16.27:444][  0]LogConfig: Setting CVar [[r.ParticleLightQuality:2]]
[2020.08.24-05.16.27:444][  0]LogConfig: Applying CVar settings from Section [FoliageQuality@3] File [D:/UE4Projects/新しいフォルダー/RunBag/Saved/Config/Windows/Scalability.ini]
[2020.08.24-05.16.27:444][  0]LogConfig: Setting CVar [[foliage.DensityScale:1.0]]
[2020.08.24-05.16.27:444][  0]LogConfig: Setting CVar [[grass.DensityScale:1.0]]
[2020.08.24-05.16.27:444][  0]LogInit: Selected Device Profile: [Windows]
[2020.08.24-05.16.27:444][  0]LogInit: Applying CVar settings loaded from the selected device profile: [Windows]
[2020.08.24-05.16.27:450][  0]LogHAL: Display: Platform has ~ 32 GB [34292334592 / 34359738368 / 32], which maps to Largest [LargestMinGB=32, LargerMinGB=12, DefaultMinGB=8, SmallerMinGB=6, SmallestMinGB=0)
[2020.08.24-05.16.27:450][  0]LogInit: Going up to parent DeviceProfile []
[2020.08.24-05.16.27:450][  0]LogConfig: Applying CVar settings from Section [ViewDistanceQuality@3] File [D:/UE4Projects/新しいフォルダー/RunBag/Saved/Config/Windows/Scalability.ini]
[2020.08.24-05.16.27:450][  0]LogConfig: Setting CVar [[r.SkeletalMeshLODBias:0]]
[2020.08.24-05.16.27:450][  0]LogConfig: Setting CVar [[r.ViewDistanceScale:1.0]]
[2020.08.24-05.16.27:450][  0]LogConfig: Applying CVar settings from Section [AntiAliasingQuality@3] File [D:/UE4Projects/新しいフォルダー/RunBag/Saved/Config/Windows/Scalability.ini]
[2020.08.24-05.16.27:450][  0]LogConfig: Setting CVar [[r.PostProcessAAQuality:4]]
[2020.08.24-05.16.27:450][  0]LogConfig: Applying CVar settings from Section [ShadowQuality@3] File [D:/UE4Projects/新しいフォルダー/RunBag/Saved/Config/Windows/Scalability.ini]
[2020.08.24-05.16.27:450][  0]LogConfig: Setting CVar [[r.LightFunctionQuality:1]]
[2020.08.24-05.16.27:450][  0]LogConfig: Setting CVar [[r.ShadowQuality:5]]
[2020.08.24-05.16.27:450][  0]LogConfig: Setting CVar [[r.Shadow.CSM.MaxCascades:10]]
[2020.08.24-05.16.27:450][  0]LogConfig: Setting CVar [[r.Shadow.MaxResolution:2048]]
[2020.08.24-05.16.27:450][  0]LogConfig: Setting CVar [[r.Shadow.MaxCSMResolution:2048]]
[2020.08.24-05.16.27:450][  0]LogConfig: Setting CVar [[r.Shadow.RadiusThreshold:0.01]]
[2020.08.24-05.16.27:450][  0]LogConfig: Setting CVar [[r.Shadow.DistanceScale:1.0]]
[2020.08.24-05.16.27:450][  0]LogConfig: Setting CVar [[r.Shadow.CSM.TransitionScale:1.0]]
[2020.08.24-05.16.27:450][  0]LogConfig: Setting CVar [[r.Shadow.PreShadowResolutionFactor:1.0]]
[2020.08.24-05.16.27:450][  0]LogConfig: Setting CVar [[r.DistanceFieldShadowing:1]]
[2020.08.24-05.16.27:450][  0]LogConfig: Setting CVar [[r.DistanceFieldAO:1]]
[2020.08.24-05.16.27:450][  0]LogConfig: Setting CVar [[r.AOQuality:2]]
[2020.08.24-05.16.27:450][  0]LogConfig: Setting CVar [[r.VolumetricFog:1]]
[2020.08.24-05.16.27:450][  0]LogConfig: Setting CVar [[r.VolumetricFog.GridPixelSize:8]]
[2020.08.24-05.16.27:450][  0]LogConfig: Setting CVar [[r.VolumetricFog.GridSizeZ:128]]
[2020.08.24-05.16.27:450][  0]LogConfig: Setting CVar [[r.VolumetricFog.HistoryMissSupersampleCount:4]]
[2020.08.24-05.16.27:450][  0]LogConfig: Setting CVar [[r.LightMaxDrawDistanceScale:1]]
[2020.08.24-05.16.27:451][  0]LogConfig: Setting CVar [[r.CapsuleShadows:1]]
[2020.08.24-05.16.27:451][  0]LogConfig: Applying CVar settings from Section [PostProcessQuality@3] File [D:/UE4Projects/新しいフォルダー/RunBag/Saved/Config/Windows/Scalability.ini]
[2020.08.24-05.16.27:451][  0]LogConfig: Setting CVar [[r.MotionBlurQuality:4]]
[2020.08.24-05.16.27:451][  0]LogConfig: Setting CVar [[r.AmbientOcclusionMipLevelFactor:0.4]]
[2020.08.24-05.16.27:451][  0]LogConfig: Setting CVar [[r.AmbientOcclusionMaxQuality:100]]
[2020.08.24-05.16.27:451][  0]LogConfig: Setting CVar [[r.AmbientOcclusionLevels:-1]]
[2020.08.24-05.16.27:451][  0]LogConfig: Setting CVar [[r.AmbientOcclusionRadiusScale:1.0]]
[2020.08.24-05.16.27:451][  0]LogConfig: Setting CVar [[r.DepthOfFieldQuality:2]]
[2020.08.24-05.16.27:451][  0]LogConfig: Setting CVar [[r.RenderTargetPoolMin:400]]
[2020.08.24-05.16.27:451][  0]LogConfig: Setting CVar [[r.LensFlareQuality:2]]
[2020.08.24-05.16.27:451][  0]LogConfig: Setting CVar [[r.SceneColorFringeQuality:1]]
[2020.08.24-05.16.27:451][  0]LogConfig: Setting CVar [[r.EyeAdaptationQuality:2]]
[2020.08.24-05.16.27:451][  0]LogConfig: Setting CVar [[r.BloomQuality:5]]
[2020.08.24-05.16.27:451][  0]LogConfig: Setting CVar [[r.FastBlurThreshold:100]]
[2020.08.24-05.16.27:451][  0]LogConfig: Setting CVar [[r.Upscale.Quality:3]]
[2020.08.24-05.16.27:451][  0]LogConfig: Setting CVar [[r.Tonemapper.GrainQuantization:1]]
[2020.08.24-05.16.27:451][  0]LogConfig: Setting CVar [[r.LightShaftQuality:1]]
[2020.08.24-05.16.27:451][  0]LogConfig: Setting CVar [[r.Filter.SizeScale:1]]
[2020.08.24-05.16.27:451][  0]LogConfig: Setting CVar [[r.Tonemapper.Quality:5]]
[2020.08.24-05.16.27:451][  0]LogConfig: Setting CVar [[r.DOF.Gather.AccumulatorQuality:1        ; higher gathering accumulator quality]]
[2020.08.24-05.16.27:451][  0]LogConfig: Setting CVar [[r.DOF.Gather.PostfilterMethod:1          ; Median3x3 postfilering method]]
[2020.08.24-05.16.27:451][  0]LogConfig: Setting CVar [[r.DOF.Gather.EnableBokehSettings:0       ; no bokeh simulation when gathering]]
[2020.08.24-05.16.27:451][  0]LogConfig: Setting CVar [[r.DOF.Gather.RingCount:4                 ; medium number of samples when gathering]]
[2020.08.24-05.16.27:451][  0]LogConfig: Setting CVar [[r.DOF.Scatter.ForegroundCompositing:1    ; additive foreground scattering]]
[2020.08.24-05.16.27:451][  0]LogConfig: Setting CVar [[r.DOF.Scatter.BackgroundCompositing:2    ; additive background scattering]]
[2020.08.24-05.16.27:451][  0]LogConfig: Setting CVar [[r.DOF.Scatter.EnableBokehSettings:1      ; bokeh simulation when scattering]]
[2020.08.24-05.16.27:451][  0]LogConfig: Setting CVar [[r.DOF.Scatter.MaxSpriteRatio:0.1         ; only a maximum of 10% of scattered bokeh]]
[2020.08.24-05.16.27:451][  0]LogConfig: Setting CVar [[r.DOF.Recombine.Quality:1                ; cheap slight out of focus]]
[2020.08.24-05.16.27:451][  0]LogConfig: Setting CVar [[r.DOF.Recombine.EnableBokehSettings:0    ; no bokeh simulation on slight out of focus]]
[2020.08.24-05.16.27:451][  0]LogConfig: Setting CVar [[r.DOF.TemporalAAQuality:1                ; more stable temporal accumulation]]
[2020.08.24-05.16.27:451][  0]LogConfig: Setting CVar [[r.DOF.Kernel.MaxForegroundRadius:0.025]]
[2020.08.24-05.16.27:451][  0]LogConfig: Setting CVar [[r.DOF.Kernel.MaxBackgroundRadius:0.025]]
[2020.08.24-05.16.27:451][  0]LogConfig: Applying CVar settings from Section [TextureQuality@3] File [D:/UE4Projects/新しいフォルダー/RunBag/Saved/Config/Windows/Scalability.ini]
[2020.08.24-05.16.27:451][  0]LogConfig: Setting CVar [[r.Streaming.MipBias:0]]
[2020.08.24-05.16.27:451][  0]LogConfig: Setting CVar [[r.Streaming.AmortizeCPUToGPUCopy:0]]
[2020.08.24-05.16.27:451][  0]LogConfig: Setting CVar [[r.Streaming.MaxNumTexturesToStreamPerFrame:0]]
[2020.08.24-05.16.27:451][  0]LogConfig: Setting CVar [[r.Streaming.Boost:1]]
[2020.08.24-05.16.27:451][  0]LogConfig: Setting CVar [[r.MaxAnisotropy:8]]
[2020.08.24-05.16.27:451][  0]LogConfig: Setting CVar [[r.Streaming.LimitPoolSizeToVRAM:0]]
[2020.08.24-05.16.27:451][  0]LogConfig: Setting CVar [[r.Streaming.PoolSize:1000]]
[2020.08.24-05.16.27:451][  0]LogConfig: Setting CVar [[r.Streaming.MaxEffectiveScreenSize:0]]
[2020.08.24-05.16.27:451][  0]LogConfig: Applying CVar settings from Section [EffectsQuality@3] File [D:/UE4Projects/新しいフォルダー/RunBag/Saved/Config/Windows/Scalability.ini]
[2020.08.24-05.16.27:451][  0]LogConfig: Setting CVar [[r.TranslucencyLightingVolumeDim:64]]
[2020.08.24-05.16.27:451][  0]LogConfig: Setting CVar [[r.RefractionQuality:2]]
[2020.08.24-05.16.27:451][  0]LogConfig: Setting CVar [[r.SSR.Quality:3]]
[2020.08.24-05.16.27:451][  0]LogConfig: Setting CVar [[r.SceneColorFormat:4]]
[2020.08.24-05.16.27:451][  0]LogConfig: Setting CVar [[r.DetailMode:2]]
[2020.08.24-05.16.27:451][  0]LogConfig: Setting CVar [[r.TranslucencyVolumeBlur:1]]
[2020.08.24-05.16.27:451][  0]LogConfig: Setting CVar [[r.MaterialQualityLevel:1 ; High quality]]
[2020.08.24-05.16.27:451][  0]LogConfig: Setting CVar [[r.SSS.Scale:1]]
[2020.08.24-05.16.27:451][  0]LogConfig: Setting CVar [[r.SSS.SampleSet:2]]
[2020.08.24-05.16.27:451][  0]LogConfig: Setting CVar [[r.SSS.Quality:1]]
[2020.08.24-05.16.27:451][  0]LogConfig: Setting CVar [[r.SSS.HalfRes:1]]
[2020.08.24-05.16.27:451][  0]LogConfig: Setting CVar [[r.EmitterSpawnRateScale:1.0]]
[2020.08.24-05.16.27:451][  0]LogConfig: Setting CVar [[r.ParticleLightQuality:2]]
[2020.08.24-05.16.27:451][  0]LogConfig: Applying CVar settings from Section [FoliageQuality@3] File [D:/UE4Projects/新しいフォルダー/RunBag/Saved/Config/Windows/Scalability.ini]
[2020.08.24-05.16.27:451][  0]LogConfig: Setting CVar [[foliage.DensityScale:1.0]]
[2020.08.24-05.16.27:451][  0]LogConfig: Setting CVar [[grass.DensityScale:1.0]]
[2020.08.24-05.16.27:451][  0]LogConfig: Applying CVar settings from Section [Startup] File [../../../Engine/Config/ConsoleVariables.ini]
[2020.08.24-05.16.27:453][  0]LogConfig: Setting CVar [[net.UseAdaptiveNetUpdateFrequency:0]]
[2020.08.24-05.16.27:453][  0]LogConfig: Setting CVar [[p.chaos.AllowCreatePhysxBodies:1]]
[2020.08.24-05.16.27:453][  0]LogConfig: Applying CVar settings from Section [ConsoleVariables] File [D:/UE4Projects/新しいフォルダー/RunBag/Saved/Config/Windows/Engine.ini]
[2020.08.24-05.16.27:453][  0]LogInit: Computer: F53PC18
[2020.08.24-05.16.27:453][  0]LogInit: User: s182163
[2020.08.24-05.16.27:453][  0]LogInit: CPU Page size=4096, Cores=4
[2020.08.24-05.16.27:453][  0]LogInit: High frequency timer resolution =10.000000 MHz
[2020.08.24-05.16.27:454][  0]LogMemory: Memory total: Physical=31.9GB (32GB approx)
[2020.08.24-05.16.27:454][  0]LogMemory: Platform Memory Stats for Windows
[2020.08.24-05.16.27:454][  0]LogMemory: Process Physical Memory: 100.43 MB used, 100.44 MB peak
[2020.08.24-05.16.27:454][  0]LogMemory: Process Virtual Memory: 88.55 MB used, 88.55 MB peak
[2020.08.24-05.16.27:454][  0]LogMemory: Physical Memory: 5149.58 MB used,  27554.14 MB free, 32703.72 MB total
[2020.08.24-05.16.27:454][  0]LogMemory: Virtual Memory: 4656.61 MB used,  134213072.00 MB free, 134217728.00 MB total
[2020.08.24-05.16.27:456][  0]LogWindows: WindowsPlatformFeatures enabled
[2020.08.24-05.16.27:479][  0]LogInit: Using OS detected language (ja-JP).
[2020.08.24-05.16.27:479][  0]LogInit: Using OS detected locale (ja-JP).
[2020.08.24-05.16.27:480][  0]LogTextLocalizationManager: No specific localization for 'ja-JP' exists, so the 'ja' localization will be used.
[2020.08.24-05.16.27:542][  0]LogInit: Setting process to per monitor DPI aware
[2020.08.24-05.16.27:598][  0]LogSlate: New Slate User Created.  User Index 0, Is Virtual User: 0
[2020.08.24-05.16.27:598][  0]LogSlate: Slate User Registered.  User Index 0, Is Virtual User: 0
[2020.08.24-05.16.28:470][  0]LogHMD: Failed to initialize OpenVR with code 110
[2020.08.24-05.16.28:470][  0]LogD3D11RHI: D3D11 adapters:
[2020.08.24-05.16.28:542][  0]LogD3D11RHI:    0. 'NVIDIA GeForce GTX 1080' (Feature Level 11_0)
[2020.08.24-05.16.28:542][  0]LogD3D11RHI:       8079/0/16351 MB DedicatedVideo/DedicatedSystem/SharedSystem, Outputs:1, VendorId:0x10de
[2020.08.24-05.16.28:545][  0]LogD3D11RHI:    1. 'Microsoft Basic Render Driver' (Feature Level 11_0)
[2020.08.24-05.16.28:545][  0]LogD3D11RHI:       0/0/16351 MB DedicatedVideo/DedicatedSystem/SharedSystem, Outputs:0, VendorId:0x1414
[2020.08.24-05.16.28:545][  0]LogD3D11RHI: Chosen D3D11 Adapter: 0
[2020.08.24-05.16.28:550][  0]LogD3D11RHI: Creating new Direct3DDevice
[2020.08.24-05.16.28:550][  0]LogD3D11RHI:     GPU DeviceId: 0x1b80 (for the marketing name, search the web for "GPU Device Id")
[2020.08.24-05.16.28:550][  0]LogWindows: EnumDisplayDevices:
[2020.08.24-05.16.28:550][  0]LogWindows:    0. 'NVIDIA GeForce GTX 1080' (P:1 D:1)
[2020.08.24-05.16.28:550][  0]LogWindows:    1. 'NVIDIA GeForce GTX 1080' (P:0 D:0)
[2020.08.24-05.16.28:550][  0]LogWindows:    2. 'NVIDIA GeForce GTX 1080' (P:0 D:0)
[2020.08.24-05.16.28:551][  0]LogWindows:    3. 'NVIDIA GeForce GTX 1080' (P:0 D:0)
[2020.08.24-05.16.28:551][  0]LogWindows: DebugString: FoundDriverCount:4 
[2020.08.24-05.16.28:551][  0]LogD3D11RHI:     Adapter Name: NVIDIA GeForce GTX 1080
[2020.08.24-05.16.28:551][  0]LogD3D11RHI:   Driver Version: 443.18 (internal:26.21.14.4318, unified:443.18)
[2020.08.24-05.16.28:551][  0]LogD3D11RHI:      Driver Date: 5-13-2020
[2020.08.24-05.16.28:551][  0]LogRHI: Texture pool is 5655 MB (70% of 8079 MB)
[2020.08.24-05.16.28:599][  0]LogD3D11RHI: Async texture creation enabled
[2020.08.24-05.16.28:609][  0]LogD3D11RHI: GPU Timing Frequency: 1000.000000 (Debug: 2 1)
[2020.08.24-05.16.28:905][  0]LogTemp: Display: Module 'AllDesktopTargetPlatform' loaded TargetPlatform 'AllDesktop'
[2020.08.24-05.16.28:914][  0]LogTemp: Display: Module 'MacClientTargetPlatform' loaded TargetPlatform 'MacClient'
[2020.08.24-05.16.28:921][  0]LogTemp: Display: Module 'MacNoEditorTargetPlatform' loaded TargetPlatform 'MacNoEditor'
[2020.08.24-05.16.28:930][  0]LogTemp: Display: Module 'MacServerTargetPlatform' loaded TargetPlatform 'MacServer'
[2020.08.24-05.16.28:955][  0]LogTemp: Display: Module 'MacTargetPlatform' loaded TargetPlatform 'Mac'
[2020.08.24-05.16.28:963][  0]LogTemp: Display: Module 'WindowsClientTargetPlatform' loaded TargetPlatform 'WindowsClient'
[2020.08.24-05.16.28:971][  0]LogTemp: Display: Module 'WindowsNoEditorTargetPlatform' loaded TargetPlatform 'WindowsNoEditor'
[2020.08.24-05.16.28:979][  0]LogTemp: Display: Module 'WindowsServerTargetPlatform' loaded TargetPlatform 'WindowsServer'
[2020.08.24-05.16.28:983][  0]LogTemp: Display: Module 'WindowsTargetPlatform' loaded TargetPlatform 'Windows'
[2020.08.24-05.16.29:015][  0]LogTemp: Display: Module 'AndroidTargetPlatform' loaded TargetPlatform 'Android'
[2020.08.24-05.16.29:015][  0]LogTemp: Display: Module 'AndroidTargetPlatform' loaded TargetPlatform 'Android_ASTC'
[2020.08.24-05.16.29:015][  0]LogTemp: Display: Module 'AndroidTargetPlatform' loaded TargetPlatform 'Android_ATC'
[2020.08.24-05.16.29:015][  0]LogTemp: Display: Module 'AndroidTargetPlatform' loaded TargetPlatform 'Android_DXT'
[2020.08.24-05.16.29:015][  0]LogTemp: Display: Module 'AndroidTargetPlatform' loaded TargetPlatform 'Android_ETC1'
[2020.08.24-05.16.29:015][  0]LogTemp: Display: Module 'AndroidTargetPlatform' loaded TargetPlatform 'Android_ETC1a'
[2020.08.24-05.16.29:015][  0]LogTemp: Display: Module 'AndroidTargetPlatform' loaded TargetPlatform 'Android_ETC2'
[2020.08.24-05.16.29:015][  0]LogTemp: Display: Module 'AndroidTargetPlatform' loaded TargetPlatform 'Android_PVRTC'
[2020.08.24-05.16.29:015][  0]LogTemp: Display: Module 'AndroidTargetPlatform' loaded TargetPlatform 'AndroidClient'
[2020.08.24-05.16.29:015][  0]LogTemp: Display: Module 'AndroidTargetPlatform' loaded TargetPlatform 'Android_ASTCClient'
[2020.08.24-05.16.29:015][  0]LogTemp: Display: Module 'AndroidTargetPlatform' loaded TargetPlatform 'Android_ATCClient'
[2020.08.24-05.16.29:015][  0]LogTemp: Display: Module 'AndroidTargetPlatform' loaded TargetPlatform 'Android_DXTClient'
[2020.08.24-05.16.29:015][  0]LogTemp: Display: Module 'AndroidTargetPlatform' loaded TargetPlatform 'Android_ETC1Client'
[2020.08.24-05.16.29:015][  0]LogTemp: Display: Module 'AndroidTargetPlatform' loaded TargetPlatform 'Android_ETC1aClient'
[2020.08.24-05.16.29:015][  0]LogTemp: Display: Module 'AndroidTargetPlatform' loaded TargetPlatform 'Android_ETC2Client'
[2020.08.24-05.16.29:015][  0]LogTemp: Display: Module 'AndroidTargetPlatform' loaded TargetPlatform 'Android_PVRTCClient'
[2020.08.24-05.16.29:015][  0]LogTemp: Display: Module 'AndroidTargetPlatform' loaded TargetPlatform 'Android_Multi'
[2020.08.24-05.16.29:015][  0]LogTemp: Display: Module 'AndroidTargetPlatform' loaded TargetPlatform 'Android_MultiClient'
[2020.08.24-05.16.29:018][  0]LogTemp: Display: Module 'HTML5TargetPlatform' loaded TargetPlatform 'HTML5'
[2020.08.24-05.16.29:039][  0]LogTemp: Display: Module 'IOSTargetPlatform' loaded TargetPlatform 'IOSClient'
[2020.08.24-05.16.29:039][  0]LogTemp: Display: Module 'IOSTargetPlatform' loaded TargetPlatform 'IOS'
[2020.08.24-05.16.29:054][  0]LogTemp: Display: Module 'TVOSTargetPlatform' loaded TargetPlatform 'TVOSClient'
[2020.08.24-05.16.29:054][  0]LogTemp: Display: Module 'TVOSTargetPlatform' loaded TargetPlatform 'TVOS'
[2020.08.24-05.16.29:061][  0]LogTemp: Display: Module 'LinuxClientTargetPlatform' loaded TargetPlatform 'LinuxClient'
[2020.08.24-05.16.29:068][  0]LogTemp: Display: Module 'LinuxNoEditorTargetPlatform' loaded TargetPlatform 'LinuxNoEditor'
[2020.08.24-05.16.29:075][  0]LogTemp: Display: Module 'LinuxServerTargetPlatform' loaded TargetPlatform 'LinuxServer'
[2020.08.24-05.16.29:086][  0]LogTemp: Display: Module 'LinuxTargetPlatform' loaded TargetPlatform 'Linux'
[2020.08.24-05.16.29:112][  0]LogTemp: Display: Module 'LuminTargetPlatform' loaded TargetPlatform 'Lumin'
[2020.08.24-05.16.29:112][  0]LogTemp: Display: Module 'LuminTargetPlatform' loaded TargetPlatform 'LuminClient'
[2020.08.24-05.16.29:112][  0]LogTargetPlatformManager: Display: Building Assets For Windows
[2020.08.24-05.16.29:121][  0]LogAudioDebug: Display: Lib vorbis DLL was dynamically loaded.
[2020.08.24-05.16.29:165][  0]LogShaderCompilers: Guid format shader working directory is 6 characters bigger than the processId version (../../../../../UE4Projects/新しいフォルダー/RunBag/Intermediate/Shaders/WorkingDirectory/9488/).
[2020.08.24-05.16.29:165][  0]LogShaderCompilers: Cleaned the shader compiler working directory 'C:/Users/s182163/AppData/Local/Temp/UnrealShaderWorkingDir/38F5AF784CB5D8CE7C2A6EA0BEC234BF/'.
[2020.08.24-05.16.29:166][  0]LogXGEController: Cannot use XGE Controller as Incredibuild is not installed on this machine.
[2020.08.24-05.16.29:166][  0]LogShaderCompilers: Cannot use XGE Shader Compiler as Incredibuild is not installed on this machine.
[2020.08.24-05.16.29:166][  0]LogShaderCompilers: Display: Using Local Shader Compiler.
[2020.08.24-05.16.30:586][  0]LogDerivedDataCache: Display: Max Cache Size: 512 MB
[2020.08.24-05.16.30:625][  0]LogDerivedDataCache: Loaded boot cache 0.04s 74MB C:/Users/s182163/AppData/Local/UnrealEngine/4.23/DerivedDataCache/Boot.ddc.
[2020.08.24-05.16.30:625][  0]LogDerivedDataCache: Display: Loaded Boot cache: C:/Users/s182163/AppData/Local/UnrealEngine/4.23/DerivedDataCache/Boot.ddc
[2020.08.24-05.16.30:625][  0]LogDerivedDataCache: FDerivedDataBackendGraph:  Pak pak cache file ../../../../../UE4Projects/新しいフォルダー/RunBag/DerivedDataCache/DDC.ddp not found, will not use a pak cache.
[2020.08.24-05.16.30:625][  0]LogDerivedDataCache: Unable to find inner node Pak for hierarchical cache Hierarchy.
[2020.08.24-05.16.30:625][  0]LogDerivedDataCache: FDerivedDataBackendGraph:  CompressedPak pak cache file ../../../../../UE4Projects/新しいフォルダー/RunBag/DerivedDataCache/Compressed.ddp not found, will not use a pak cache.
[2020.08.24-05.16.30:625][  0]LogDerivedDataCache: Unable to find inner node CompressedPak for hierarchical cache Hierarchy.
[2020.08.24-05.16.30:636][  0]LogDerivedDataCache: Display: Pak cache opened for reading ../../../Engine/DerivedDataCache/Compressed.ddp.
[2020.08.24-05.16.30:636][  0]LogDerivedDataCache: FDerivedDataBackendGraph:  EnterprisePak pak cache file ../../../Enterprise/DerivedDataCache/Compressed.ddp not found, will not use a pak cache.
[2020.08.24-05.16.30:636][  0]LogDerivedDataCache: Unable to find inner node EnterprisePak for hierarchical cache Hierarchy.
[2020.08.24-05.16.30:639][  0]LogDerivedDataCache: Using Local data cache path C:/Users/s182163/AppData/Local/UnrealEngine/Common/DerivedDataCache: Writable
[2020.08.24-05.16.30:639][  0]LogDerivedDataCache: Shared data cache path not found in *engine.ini, will not use an Shared cache.
[2020.08.24-05.16.30:639][  0]LogDerivedDataCache: Unable to find inner node Shared for hierarchical cache Hierarchy.
[2020.08.24-05.16.30:655][  0]LogMaterial: Verifying Global Shaders for PCD3D_SM5
[2020.08.24-05.16.30:657][  0]LogSlate: Using FreeType 2.6.0
[2020.08.24-05.16.30:661][  0]LogSlate: SlateFontServices - WITH_FREETYPE: 1, WITH_HARFBUZZ: 1
[2020.08.24-05.16.30:886][  0]LogAssetRegistry: FAssetRegistry took 0.0022 seconds to start up
[2020.08.24-05.16.31:114][  0]LogInit: Selected Device Profile: [Windows]
[2020.08.24-05.16.31:251][  0]LogMeshReduction: Using QuadricMeshReduction for automatic static mesh reduction
[2020.08.24-05.16.31:251][  0]LogMeshReduction: Using SimplygonMeshReduction for automatic skeletal mesh reduction
[2020.08.24-05.16.31:251][  0]LogMeshReduction: Using ProxyLODMeshReduction for automatic mesh merging
[2020.08.24-05.16.31:251][  0]LogMeshReduction: No distributed automatic mesh merging module available
[2020.08.24-05.16.31:251][  0]LogMeshMerging: No distributed automatic mesh merging module available
[2020.08.24-05.16.31:263][  0]LogNetVersion: RunBag 1.0.0, NetCL: 8386587, EngineNetVer: 11, GameNetVer: 0 (Checksum: 3986075787)
[2020.08.24-05.16.31:740][  0]LogPackageLocalizationCache: Processed 12 localized package path(s) for 1 prioritized culture(s) in 0.079129 seconds
[2020.08.24-05.16.31:747][  0]LogUObjectArray: 43444 objects as part of root set at end of initial load.
[2020.08.24-05.16.31:747][  0]LogUObjectAllocator: 7548648 out of 0 bytes used by permanent object pool.
[2020.08.24-05.16.31:747][  0]LogUObjectArray: CloseDisregardForGC: 0/0 objects in disregard for GC pool
[2020.08.24-05.16.34:105][  0]LogTcpMessaging: Initializing TcpMessaging bridge
[2020.08.24-05.16.34:108][  0]LogUdpMessaging: Initializing bridge on interface 0.0.0.0:0 to multicast group 230.0.0.1:6666.
[2020.08.24-05.16.34:162][  0]SourceControl: ソースコントロールは無効です
[2020.08.24-05.16.34:162][  0]SourceControl: ソースコントロールは無効です
[2020.08.24-05.16.34:164][  0]SourceControl: ソースコントロールは無効です
[2020.08.24-05.16.34:165][  0]SourceControl: ソースコントロールは無効です
[2020.08.24-05.16.34:285][  0]LogAndroidPermission: UAndroidPermissionCallbackProxy::GetInstance
[2020.08.24-05.16.34:390][  0]LogOcInput: OculusInput pre-init called
[2020.08.24-05.16.34:396][  0]LogWindows: Failed to load 'OVRPlugin.dll' (GetLastError=126)
[2020.08.24-05.16.34:397][  0]LogWindows: File 'OVRPlugin.dll' does not exist
[2020.08.24-05.16.34:460][  0]LogEngine: Initializing Engine...
[2020.08.24-05.16.34:462][  0]LogHMD: Failed to initialize OpenVR with code 110
[2020.08.24-05.16.34:463][  0]LogStats: UGameplayTagsManager::InitializeManager -  0.000 s
[2020.08.24-05.16.34:648][  0]LogInit: Initializing FReadOnlyCVARCache
[2020.08.24-05.16.34:658][  0]LogAIModule: Creating AISystem for world Untitled
[2020.08.24-05.16.34:675][  0]LogInit: XAudio2 using 'PLE2483H (2- NVIDIA High Definition Audio)' : 2 channels at 48 kHz using 16 bits per sample (channel mask 0x3)
[2020.08.24-05.16.34:741][  0]LogInit: FAudioDevice initialized.
[2020.08.24-05.16.34:741][  0]LogNetVersion: Set ProjectVersion to 1.0.0.0. Version Checksum will be recalculated on next use.
[2020.08.24-05.16.34:805][  0]LogDerivedDataCache: Saved boot cache 0.06s 74MB C:/Users/s182163/AppData/Local/UnrealEngine/4.23/DerivedDataCache/Boot.ddc.
[2020.08.24-05.16.34:808][  0]LogInit: Texture streaming: Enabled
[2020.08.24-05.16.34:824][  0]LogEngineSessionManager: EngineSessionManager initialized
[2020.08.24-05.16.34:824][  0]LogEditorSessionSummary: Verbose: Initializing EditorSessionSummaryWriter for editor session tracking
[2020.08.24-05.16.34:827][  0]LogEditorSessionSummary: EditorSessionSummaryWriter initialized
[2020.08.24-05.16.34:879][  0]LogInit: Transaction tracking system initialized
[2020.08.24-05.16.34:902][  0]BlueprintLog: New page: エディタの読み込み
[2020.08.24-05.16.34:962][  0]LocalizationService: ローカライズのサービスが無効になりました
[2020.08.24-05.16.35:206][  0]LogFileCache: Scanning file cache for directory 'D:/UE4Projects/新しいフォルダー/RunBag/Content/' took 0.00s
[2020.08.24-05.16.35:206][  0]LogCook: Display: Max memory allowance for cook 16384mb min free memory 0mb
[2020.08.24-05.16.35:206][  0]LogCook: Display: Mobile HDR setting 1
[2020.08.24-05.16.35:459][  0]SourceControl: ソースコントロールは無効です
[2020.08.24-05.16.35:460][  0]Cmd: MAP LOAD FILE="../../../../../UE4Projects/新しいフォルダー/RunBag/Content/StarterContent/Maps/Minimal_Default.umap" TEMPLATE=0 SHOWPROGRESS=1 FEATURELEVEL=3
[2020.08.24-05.16.35:460][  0]LightingResults: New page: ライティングのビルド
[2020.08.24-05.16.35:462][  0]LogWorld: UWorld::CleanupWorld for Untitled, bSessionEnded=true, bCleanupResources=true
[2020.08.24-05.16.35:462][  0]MapCheck: New page: マップをチェック
[2020.08.24-05.16.35:462][  0]LightingResults: New page: <何も選択されていません>
[2020.08.24-05.16.35:483][  0]LogUObjectHash: Compacting FUObjectHashTables data took   1.21ms
[2020.08.24-05.16.35:589][  0]LogAIModule: Creating AISystem for world Minimal_Default
[2020.08.24-05.16.35:596][  0]LogEditorServer: Finished looking for orphan Actors (0.000 secs)
[2020.08.24-05.16.35:617][  0]LogUObjectHash: Compacting FUObjectHashTables data took   1.58ms
[2020.08.24-05.16.35:617][  0]Cmd: MAP CHECKDEP NOCLEARLOG
[2020.08.24-05.16.35:617][  0]MapCheck: マップチェックが完了: 0 エラー、 0 警告、完了に 0.077ミリ秒かかりました。
[2020.08.24-05.16.35:617][  0]LogFileHelpers: Loading map 'Minimal_Default' took 0.157
[2020.08.24-05.16.35:760][  0]LogSlate: Updating window title bar state: overlay mode, drag disabled, window buttons hidden, title bar hidden
[2020.08.24-05.16.35:773][  0]LogSlate: Updating window title bar state: overlay mode, drag disabled, window buttons hidden, title bar hidden
[2020.08.24-05.16.35:786][  0]LogSlate: Updating window title bar state: overlay mode, drag disabled, window buttons hidden, title bar hidden
[2020.08.24-05.16.35:794][  0]LogSlate: Updating window title bar state: overlay mode, drag disabled, window buttons hidden, title bar hidden
[2020.08.24-05.16.35:802][  0]LogCollectionManager: Loaded 0 collections in 0.001122 seconds
[2020.08.24-05.16.35:811][  0]LogFileCache: Scanning file cache for directory 'D:/UE4Projects/新しいフォルダー/RunBag/Saved/Collections/' took 0.00s
[2020.08.24-05.16.35:811][  0]LogFileCache: Scanning file cache for directory 'D:/UE4Projects/新しいフォルダー/RunBag/Content/Developers/s182163/Collections/' took 0.00s
[2020.08.24-05.16.35:811][  0]LogFileCache: Scanning file cache for directory 'D:/UE4Projects/新しいフォルダー/RunBag/Content/Collections/' took 0.00s
[2020.08.24-05.16.35:811][  0]LogCollectionManager: Rebuilt the GUID cache for 0 collections in 0.000001 seconds
[2020.08.24-05.16.35:819][  0]LogContentBrowser: Native class hierarchy populated in 0.0078 seconds. Added 2863 classes and 680 folders.
[2020.08.24-05.16.35:824][  0]LogContentBrowser: Native class hierarchy updated for 'WidgetCarousel' in 0.0002 seconds. Added 0 classes and 0 folders.
[2020.08.24-05.16.35:971][  0]LogContentBrowser: Native class hierarchy updated for 'AddContentDialog' in 0.0002 seconds. Added 0 classes and 0 folders.
[2020.08.24-05.16.35:976][  0]LogContentBrowser: Native class hierarchy updated for 'SceneOutliner' in 0.0002 seconds. Added 1 classes and 2 folders.
[2020.08.24-05.16.36:005][  0]LogSlate: Took 0.002018 seconds to synchronously load lazily loaded font '../../../Engine/Content/Slate/Fonts/Roboto-Regular.ttf' (155K)
[2020.08.24-05.16.36:008][  0]LogSlate: Took 0.002025 seconds to synchronously load lazily loaded font '../../../Engine/Content/Editor/Slate/Fonts/GenEiGothicPro-Regular.otf' (707K)
[2020.08.24-05.16.36:010][  0]LogSlate: Took 0.001805 seconds to synchronously load lazily loaded font '../../../Engine/Content/Editor/Slate/Fonts/GenEiGothicPro-Bold.otf' (698K)
[2020.08.24-05.16.36:011][  0]LogSlate: Took 0.001432 seconds to synchronously load lazily loaded font '../../../Engine/Content/Slate/Fonts/Roboto-Bold.ttf' (160K)
[2020.08.24-05.16.36:015][  0]LogSlate: Took 0.001636 seconds to synchronously load lazily loaded font '../../../Engine/Content/Editor/Slate/Fonts/FontAwesome.ttf' (139K)
[2020.08.24-05.16.36:082][  0]LogRenderer: Reallocating scene render targets to support 1208x572 Format 10 NumSamples 1 (Frame:1).
[2020.08.24-05.16.36:180][  0]LogSlate: FSceneViewport::OnFocusLost() reason 5
[2020.08.24-05.16.36:199][  0]LogSlate: Window 'チュートリアル' being destroyed
[2020.08.24-05.16.36:210][  0]LogContentBrowser: Native class hierarchy updated for 'HierarchicalLODOutliner' in 0.0003 seconds. Added 0 classes and 0 folders.
[2020.08.24-05.16.36:210][  0]LogLoad: (Engine Initialization) Total time: 10.68 seconds
[2020.08.24-05.16.36:210][  0]LogLoad: (Engine Initialization) Total Blueprint compile time: 0.00 seconds
[2020.08.24-05.16.36:269][  0]LogContentStreaming: Texture pool size now 1000 MB
[2020.08.24-05.16.36:300][  0]LogSlate: Took 0.002099 seconds to synchronously load lazily loaded font '../../../Engine/Content/Slate/Fonts/Roboto-Light.ttf' (167K)
[2020.08.24-05.16.36:329][  1]LogAssetRegistry: Asset discovery search completed in 5.4431 seconds
[2020.08.24-05.16.36:331][  1]LogCollectionManager: Rebuilt the object cache for 0 collections in 0.000003 seconds (found 0 objects)
[2020.08.24-05.16.36:331][  1]LogCollectionManager: Fixed up redirectors for 0 collections in 0.000033 seconds (updated 0 objects)
[2020.08.24-05.16.37:241][106]LogSlate: Took 0.002014 seconds to synchronously load lazily loaded font '../../../Engine/Content/Editor/Slate/Fonts/GenEiGothicPro-Light.otf' (713K)
[2020.08.24-05.16.37:242][106]LogSlate: Took 0.000695 seconds to synchronously load lazily loaded font '../../../Engine/Content/Slate/Fonts/Roboto-Light.ttf' (167K)
[2020.08.24-05.16.42:084][687]LogSlate: FSceneViewport::OnFocusLost() reason 0
[2020.08.24-05.17.12:960][389]LogAIModule: Creating AISystem for world TitleScene
[2020.08.24-05.17.12:962][389]LogAssetEditorManager: Opening Asset editor for World /Game/Title/TitleScene.TitleScene
[2020.08.24-05.17.12:983][389]LogUObjectHash: Compacting FUObjectHashTables data took   1.40ms
[2020.08.24-05.17.12:984][389]Cmd: MAP LOAD FILE="../../../../../UE4Projects/新しいフォルダー/RunBag/Content/Title/TitleScene.umap" TEMPLATE=0 SHOWPROGRESS=1 FEATURELEVEL=3
[2020.08.24-05.17.12:984][389]LightingResults: New page: ライティングのビルド
[2020.08.24-05.17.12:984][389]LoadErrors: New page: マップをロード中: TitleScene.umap
[2020.08.24-05.17.12:984][389]LogWorld: UWorld::CleanupWorld for Minimal_Default, bSessionEnded=true, bCleanupResources=true
[2020.08.24-05.17.12:985][389]MapCheck: New page: マップをチェック
[2020.08.24-05.17.12:985][389]LightingResults: New page: <何も選択されていません>
[2020.08.24-05.17.13:004][389]LogUObjectHash: Compacting FUObjectHashTables data took   1.36ms
[2020.08.24-05.17.13:006][389]LogEditorServer: Finished looking for orphan Actors (0.000 secs)
[2020.08.24-05.17.13:025][389]LogUObjectHash: Compacting FUObjectHashTables data took   1.11ms
[2020.08.24-05.17.13:046][389]Cmd: MAP CHECKDEP NOCLEARLOG
[2020.08.24-05.17.13:046][389]MapCheck: マップチェックが完了: 0 エラー、 0 警告、完了に 0.059ミリ秒かかりました。
[2020.08.24-05.17.13:046][389]LogFileHelpers: Loading map 'TitleScene' took 0.062
[2020.08.24-05.17.14:330][539]LogTemp: Repeating last play command: 選択ビューポート
[2020.08.24-05.17.14:341][539]LogBlueprintUserMessages: Early PlayInEditor Detection: Level '/Game/Title/TitleScene.TitleScene:PersistentLevel' has LevelScriptBlueprint '/Game/Title/TitleScene.TitleScene:PersistentLevel.TitleScene' with GeneratedClass '/Game/Title/TitleScene.TitleScene_C' with ClassGeneratedBy '/Game/Title/TitleScene.TitleScene:PersistentLevel.TitleScene'
[2020.08.24-05.17.14:341][539]LogPlayLevel: PlayLevel: No blueprints needed recompiling
[2020.08.24-05.17.14:341][539]PIE: New page: PIEセッション: TitleScene (2020/08/24 23:17:14)
[2020.08.24-05.17.14:342][539]LogOnline: OSS: Creating online subsystem instance for: NULL
[2020.08.24-05.17.14:342][539]LogPlayLevel: Creating play world package: /Game/Title/UEDPIE_0_TitleScene
[2020.08.24-05.17.14:344][539]LogPlayLevel: PIE: StaticDuplicateObject took: (0.001298s)
[2020.08.24-05.17.14:344][539]LogAIModule: Creating AISystem for world TitleScene
[2020.08.24-05.17.14:345][539]LogPlayLevel: PIE: World Init took: (0.000742s)
[2020.08.24-05.17.14:345][539]LogPlayLevel: PIE: Created PIE world by copying editor world from /Game/Title/TitleScene.TitleScene to /Game/Title/UEDPIE_0_TitleScene.TitleScene (0.002189s)
[2020.08.24-05.17.14:361][539]LogUObjectHash: Compacting FUObjectHashTables data took   1.13ms
[2020.08.24-05.17.14:366][539]LogInit: XAudio2 using 'PLE2483H (2- NVIDIA High Definition Audio)' : 2 channels at 48 kHz using 16 bits per sample (channel mask 0x3)
[2020.08.24-05.17.14:375][539]LogInit: FAudioDevice initialized.
[2020.08.24-05.17.14:381][539]LogLoad: Game class is 'GameModeBase'
[2020.08.24-05.17.14:383][539]LogWorld: Bringing World /Game/Title/UEDPIE_0_TitleScene.TitleScene up for play (max tick rate 0) at 2020.08.24-14.17.14
[2020.08.24-05.17.14:383][539]LogWorld: Bringing up level for play took: 0.000299
[2020.08.24-05.17.14:383][539]LogOnline: OSS: Creating online subsystem instance for: :Context_1
[2020.08.24-05.17.14:388][539]LogContentBrowser: Native class hierarchy updated for 'MovieSceneCapture' in 0.0003 seconds. Added 20 classes and 0 folders.
[2020.08.24-05.17.14:391][539]PIE: /Game/Title/UEDPIE_0_TitleScene 0.048のプレイ イン エディタの開始時間
[2020.08.24-05.17.14:391][539]LogBlueprintUserMessages: Late PlayInEditor Detection: Level '/Game/Title/TitleScene.TitleScene:PersistentLevel' has LevelScriptBlueprint '/Game/Title/TitleScene.TitleScene:PersistentLevel.TitleScene' with GeneratedClass '/Game/Title/TitleScene.TitleScene_C' with ClassGeneratedBy '/Game/Title/TitleScene.TitleScene:PersistentLevel.TitleScene'
[2020.08.24-05.17.18:182][993]LogNet: Browse: /Game/Play/PlayScene
[2020.08.24-05.17.18:182][993]LogLoad: LoadMap: /Game/Play/PlayScene
[2020.08.24-05.17.18:182][993]LogWorld: BeginTearingDown for /Game/Title/UEDPIE_0_TitleScene
[2020.08.24-05.17.18:183][993]LogWorld: UWorld::CleanupWorld for TitleScene, bSessionEnded=true, bCleanupResources=true
[2020.08.24-05.17.18:201][993]LogUObjectHash: Compacting FUObjectHashTables data took   1.27ms
[2020.08.24-05.17.18:261][993]LogAIModule: Creating AISystem for world PlayScene
[2020.08.24-05.17.18:262][993]LogLoad: Game class is 'GameModeBase'
[2020.08.24-05.17.18:264][993]LogWorld: Bringing World /Game/Play/UEDPIE_0_PlayScene.PlayScene up for play (max tick rate 0) at 2020.08.24-14.17.18
[2020.08.24-05.17.18:264][993]LogWorld: Bringing up level for play took: 0.001403
[2020.08.24-05.17.18:266][993]LogLoad: Took 0.083920 seconds to LoadMap(/Game/Play/PlayScene)
[2020.08.24-05.17.21:182][340]LogNet: Browse: /Game/Result/ResultScene
[2020.08.24-05.17.21:182][340]LogLoad: LoadMap: /Game/Result/ResultScene
[2020.08.24-05.17.21:182][340]LogWorld: BeginTearingDown for /Game/Play/UEDPIE_0_PlayScene
[2020.08.24-05.17.21:182][340]LogWorld: UWorld::CleanupWorld for PlayScene, bSessionEnded=true, bCleanupResources=true
[2020.08.24-05.17.21:199][340]LogUObjectHash: Compacting FUObjectHashTables data took   1.12ms
[2020.08.24-05.17.21:208][340]LogAIModule: Creating AISystem for world ResultScene
[2020.08.24-05.17.21:209][340]LogLoad: Game class is 'GameModeBase'
[2020.08.24-05.17.21:210][340]LogWorld: Bringing World /Game/Result/UEDPIE_0_ResultScene.ResultScene up for play (max tick rate 0) at 2020.08.24-14.17.21
[2020.08.24-05.17.21:210][340]LogWorld: Bringing up level for play took: 0.000285
[2020.08.24-05.17.21:210][340]LogGameMode: FindPlayerStart: PATHS NOT DEFINED or NO PLAYERSTART with positive rating
[2020.08.24-05.17.21:211][340]LogLoad: Took 0.029019 seconds to LoadMap(/Game/Result/ResultScene)
[2020.08.24-05.17.24:185][697]LogNet: Browse: /Game/Title/TitleScene
[2020.08.24-05.17.24:185][697]LogLoad: LoadMap: /Game/Title/TitleScene
[2020.08.24-05.17.24:185][697]LogWorld: BeginTearingDown for /Game/Result/UEDPIE_0_ResultScene
[2020.08.24-05.17.24:185][697]LogWorld: UWorld::CleanupWorld for ResultScene, bSessionEnded=true, bCleanupResources=true
[2020.08.24-05.17.24:204][697]LogUObjectHash: Compacting FUObjectHashTables data took   1.35ms
[2020.08.24-05.17.24:205][697]LogPlayLevel: Creating play world package: /Game/Title/UEDPIE_0_TitleScene
[2020.08.24-05.17.24:206][697]LogPlayLevel: PIE: StaticDuplicateObject took: (0.001521s)
[2020.08.24-05.17.24:207][697]LogAIModule: Creating AISystem for world TitleScene
[2020.08.24-05.17.24:207][697]LogPlayLevel: PIE: World Init took: (0.000686s)
[2020.08.24-05.17.24:207][697]LogPlayLevel: PIE: Created PIE world by copying editor world from /Game/Title/TitleScene.TitleScene to /Game/Title/UEDPIE_0_TitleScene.TitleScene (0.002306s)
[2020.08.24-05.17.24:207][697]LogLoad: Game class is 'GameModeBase'
[2020.08.24-05.17.24:208][697]LogWorld: Bringing World /Game/Title/UEDPIE_0_TitleScene.TitleScene up for play (max tick rate 0) at 2020.08.24-14.17.24
[2020.08.24-05.17.24:208][697]LogWorld: Bringing up level for play took: 0.000245
[2020.08.24-05.17.24:208][697]LogGameMode: FindPlayerStart: PATHS NOT DEFINED or NO PLAYERSTART with positive rating
[2020.08.24-05.17.24:209][697]LogLoad: Took 0.024386 seconds to LoadMap(/Game/Title/UEDPIE_0_TitleScene)
[2020.08.24-05.17.31:542][577]LogSlate: Updating window title bar state: overlay mode, drag disabled, window buttons hidden, title bar hidden
[2020.08.24-05.17.31:542][577]LogBlueprintUserMessages: Early EndPlayMap Detection: Level '/Game/Title/TitleScene.TitleScene:PersistentLevel' has LevelScriptBlueprint '/Game/Title/TitleScene.TitleScene:PersistentLevel.TitleScene' with GeneratedClass '/Game/Title/TitleScene.TitleScene_C' with ClassGeneratedBy '/Game/Title/TitleScene.TitleScene:PersistentLevel.TitleScene'
[2020.08.24-05.17.31:542][577]LogWorld: BeginTearingDown for /Game/Title/UEDPIE_0_TitleScene
[2020.08.24-05.17.31:542][577]LogWorld: UWorld::CleanupWorld for TitleScene, bSessionEnded=true, bCleanupResources=true
[2020.08.24-05.17.31:547][577]LogPlayLevel: Display: Shutting down PIE online subsystems
[2020.08.24-05.17.31:547][577]LogBlueprintUserMessages: Late EndPlayMap Detection: Level '/Game/Title/TitleScene.TitleScene:PersistentLevel' has LevelScriptBlueprint '/Game/Title/TitleScene.TitleScene:PersistentLevel.TitleScene' with GeneratedClass '/Game/Title/TitleScene.TitleScene_C' with ClassGeneratedBy '/Game/Title/TitleScene.TitleScene:PersistentLevel.TitleScene'
[2020.08.24-05.17.31:567][577]LogSlate: Updating window title bar state: overlay mode, drag disabled, window buttons hidden, title bar hidden
[2020.08.24-05.17.31:569][577]LogUObjectHash: Compacting FUObjectHashTables data took   1.29ms
[2020.08.24-05.17.31:647][586]LogPlayLevel: Display: Destroying online subsystem :Context_1
[2020.08.24-05.17.32:789][723]LogTemp: Repeating last play command: 選択ビューポート
[2020.08.24-05.17.32:800][723]LogBlueprintUserMessages: Early PlayInEditor Detection: Level '/Game/Title/TitleScene.TitleScene:PersistentLevel' has LevelScriptBlueprint '/Game/Title/TitleScene.TitleScene:PersistentLevel.TitleScene' with GeneratedClass '/Game/Title/TitleScene.TitleScene_C' with ClassGeneratedBy '/Game/Title/TitleScene.TitleScene:PersistentLevel.TitleScene'
[2020.08.24-05.17.32:800][723]LogPlayLevel: PlayLevel: No blueprints needed recompiling
[2020.08.24-05.17.32:800][723]PIE: New page: PIEセッション: TitleScene (2020/08/24 23:17:32)
[2020.08.24-05.17.32:800][723]LogPlayLevel: Creating play world package: /Game/Title/UEDPIE_0_TitleScene
[2020.08.24-05.17.32:802][723]LogPlayLevel: PIE: StaticDuplicateObject took: (0.001239s)
[2020.08.24-05.17.32:802][723]LogAIModule: Creating AISystem for world TitleScene
[2020.08.24-05.17.32:802][723]LogPlayLevel: PIE: World Init took: (0.000691s)
[2020.08.24-05.17.32:802][723]LogPlayLevel: PIE: Created PIE world by copying editor world from /Game/Title/TitleScene.TitleScene to /Game/Title/UEDPIE_0_TitleScene.TitleScene (0.002019s)
[2020.08.24-05.17.32:819][723]LogUObjectHash: Compacting FUObjectHashTables data took   1.00ms
[2020.08.24-05.17.32:824][723]LogInit: XAudio2 using 'PLE2483H (2- NVIDIA High Definition Audio)' : 2 channels at 48 kHz using 16 bits per sample (channel mask 0x3)
[2020.08.24-05.17.32:832][723]LogInit: FAudioDevice initialized.
[2020.08.24-05.17.32:838][723]LogLoad: Game class is 'GameModeBase'
[2020.08.24-05.17.32:839][723]LogWorld: Bringing World /Game/Title/UEDPIE_0_TitleScene.TitleScene up for play (max tick rate 0) at 2020.08.24-14.17.32
[2020.08.24-05.17.32:839][723]LogWorld: Bringing up level for play took: 0.000239
[2020.08.24-05.17.32:839][723]LogOnline: OSS: Creating online subsystem instance for: :Context_2
[2020.08.24-05.17.32:841][723]PIE: /Game/Title/UEDPIE_0_TitleScene 0.498のプレイ イン エディタの開始時間
[2020.08.24-05.17.32:842][723]LogBlueprintUserMessages: Late PlayInEditor Detection: Level '/Game/Title/TitleScene.TitleScene:PersistentLevel' has LevelScriptBlueprint '/Game/Title/TitleScene.TitleScene:PersistentLevel.TitleScene' with GeneratedClass '/Game/Title/TitleScene.TitleScene_C' with ClassGeneratedBy '/Game/Title/TitleScene.TitleScene:PersistentLevel.TitleScene'
[2020.08.24-05.17.34:015][864]LogNet: Browse: /Game/Play/PlayScene
[2020.08.24-05.17.34:015][864]LogLoad: LoadMap: /Game/Play/PlayScene
[2020.08.24-05.17.34:015][864]LogWorld: BeginTearingDown for /Game/Title/UEDPIE_0_TitleScene
[2020.08.24-05.17.34:015][864]LogWorld: UWorld::CleanupWorld for TitleScene, bSessionEnded=true, bCleanupResources=true
[2020.08.24-05.17.34:034][864]LogUObjectHash: Compacting FUObjectHashTables data took   1.26ms
[2020.08.24-05.17.34:044][864]LogAIModule: Creating AISystem for world PlayScene
[2020.08.24-05.17.34:044][864]LogLoad: Game class is 'GameModeBase'
[2020.08.24-05.17.34:046][864]LogWorld: Bringing World /Game/Play/UEDPIE_0_PlayScene.PlayScene up for play (max tick rate 0) at 2020.08.24-14.17.34
[2020.08.24-05.17.34:046][864]LogWorld: Bringing up level for play took: 0.001152
[2020.08.24-05.17.34:046][864]LogLoad: Took 0.031071 seconds to LoadMap(/Game/Play/PlayScene)
[2020.08.24-05.17.37:023][221]LogNet: Browse: /Game/Result/ResultScene
[2020.08.24-05.17.37:023][221]LogLoad: LoadMap: /Game/Result/ResultScene
[2020.08.24-05.17.37:023][221]LogWorld: BeginTearingDown for /Game/Play/UEDPIE_0_PlayScene
[2020.08.24-05.17.37:023][221]LogWorld: UWorld::CleanupWorld for PlayScene, bSessionEnded=true, bCleanupResources=true
[2020.08.24-05.17.37:040][221]LogUObjectHash: Compacting FUObjectHashTables data took   1.14ms
[2020.08.24-05.17.37:047][221]LogAIModule: Creating AISystem for world ResultScene
[2020.08.24-05.17.37:047][221]LogLoad: Game class is 'GameModeBase'
[2020.08.24-05.17.37:048][221]LogWorld: Bringing World /Game/Result/UEDPIE_0_ResultScene.ResultScene up for play (max tick rate 0) at 2020.08.24-14.17.37
[2020.08.24-05.17.37:048][221]LogWorld: Bringing up level for play took: 0.000276
[2020.08.24-05.17.37:049][221]LogGameMode: FindPlayerStart: PATHS NOT DEFINED or NO PLAYERSTART with positive rating
[2020.08.24-05.17.37:049][221]LogLoad: Took 0.027518 seconds to LoadMap(/Game/Result/ResultScene)
[2020.08.24-05.17.40:024][578]LogNet: Browse: /Game/Title/TitleScene
[2020.08.24-05.17.40:024][578]LogLoad: LoadMap: /Game/Title/TitleScene
[2020.08.24-05.17.40:024][578]LogWorld: BeginTearingDown for /Game/Result/UEDPIE_0_ResultScene
[2020.08.24-05.17.40:024][578]LogWorld: UWorld::CleanupWorld for ResultScene, bSessionEnded=true, bCleanupResources=true
[2020.08.24-05.17.40:042][578]LogUObjectHash: Compacting FUObjectHashTables data took   1.00ms
[2020.08.24-05.17.40:043][578]LogPlayLevel: Creating play world package: /Game/Title/UEDPIE_0_TitleScene
[2020.08.24-05.17.40:044][578]LogPlayLevel: PIE: StaticDuplicateObject took: (0.001326s)
[2020.08.24-05.17.40:044][578]LogAIModule: Creating AISystem for world TitleScene
[2020.08.24-05.17.40:045][578]LogPlayLevel: PIE: World Init took: (0.000652s)
[2020.08.24-05.17.40:045][578]LogPlayLevel: PIE: Created PIE world by copying editor world from /Game/Title/TitleScene.TitleScene to /Game/Title/UEDPIE_0_TitleScene.TitleScene (0.002074s)
[2020.08.24-05.17.40:045][578]LogLoad: Game class is 'GameModeBase'
[2020.08.24-05.17.40:046][578]LogWorld: Bringing World /Game/Title/UEDPIE_0_TitleScene.TitleScene up for play (max tick rate 0) at 2020.08.24-14.17.40
[2020.08.24-05.17.40:046][578]LogWorld: Bringing up level for play took: 0.000221
[2020.08.24-05.17.40:046][578]LogGameMode: FindPlayerStart: PATHS NOT DEFINED or NO PLAYERSTART with positive rating
[2020.08.24-05.17.40:047][578]LogLoad: Took 0.023216 seconds to LoadMap(/Game/Title/UEDPIE_0_TitleScene)
[2020.08.24-05.17.43:129][948]LogBlueprintUserMessages: Early EndPlayMap Detection: Level '/Game/Title/TitleScene.TitleScene:PersistentLevel' has LevelScriptBlueprint '/Game/Title/TitleScene.TitleScene:PersistentLevel.TitleScene' with GeneratedClass '/Game/Title/TitleScene.TitleScene_C' with ClassGeneratedBy '/Game/Title/TitleScene.TitleScene:PersistentLevel.TitleScene'
[2020.08.24-05.17.43:129][948]LogSlate: Updating window title bar state: overlay mode, drag disabled, window buttons hidden, title bar hidden
[2020.08.24-05.17.43:129][948]LogWorld: BeginTearingDown for /Game/Title/UEDPIE_0_TitleScene
[2020.08.24-05.17.43:130][948]LogWorld: UWorld::CleanupWorld for TitleScene, bSessionEnded=true, bCleanupResources=true
[2020.08.24-05.17.43:134][948]LogPlayLevel: Display: Shutting down PIE online subsystems
[2020.08.24-05.17.43:134][948]LogBlueprintUserMessages: Late EndPlayMap Detection: Level '/Game/Title/TitleScene.TitleScene:PersistentLevel' has LevelScriptBlueprint '/Game/Title/TitleScene.TitleScene:PersistentLevel.TitleScene' with GeneratedClass '/Game/Title/TitleScene.TitleScene_C' with ClassGeneratedBy '/Game/Title/TitleScene.TitleScene:PersistentLevel.TitleScene'
[2020.08.24-05.17.43:155][948]LogSlate: Updating window title bar state: overlay mode, drag disabled, window buttons hidden, title bar hidden
[2020.08.24-05.17.43:157][948]LogUObjectHash: Compacting FUObjectHashTables data took   1.14ms
[2020.08.24-05.17.43:229][957]LogPlayLevel: Display: Destroying online subsystem :Context_2
